INFO:     Started server process [1811]
INFO:     Waiting for application startup.
2026-01-26 12:34:38,181 INFO sqlalchemy.engine.Engine select pg_catalog.version()
2026-01-26 12:34:38,181 INFO sqlalchemy.engine.Engine [raw sql] {}
2026-01-26 12:34:38,606 INFO sqlalchemy.engine.Engine select current_schema()
2026-01-26 12:34:38,606 INFO sqlalchemy.engine.Engine [raw sql] {}
2026-01-26 12:34:39,033 INFO sqlalchemy.engine.Engine show standard_conforming_strings
2026-01-26 12:34:39,033 INFO sqlalchemy.engine.Engine [raw sql] {}
2026-01-26 12:34:39,460 INFO sqlalchemy.engine.Engine BEGIN (implicit)
2026-01-26 12:34:39,465 INFO sqlalchemy.engine.Engine SELECT pg_catalog.pg_class.relname 
FROM pg_catalog.pg_class JOIN pg_catalog.pg_namespace ON pg_catalog.pg_namespace.oid = pg_catalog.pg_class.relnamespace 
WHERE pg_catalog.pg_class.relname = %(table_name)s AND pg_catalog.pg_class.relkind = ANY (ARRAY[%(param_1)s, %(param_2)s, %(param_3)s, %(param_4)s, %(param_5)s]) AND pg_catalog.pg_table_is_visible(pg_catalog.pg_class.oid) AND pg_catalog.pg_namespace.nspname != %(nspname_1)s
2026-01-26 12:34:39,471 INFO sqlalchemy.engine.Engine [generated in 0.00640s] {'table_name': 'task', 'param_1': 'r', 'param_2': 'p', 'param_3': 'f', 'param_4': 'v', 'param_5': 'm', 'nspname_1': 'pg_catalog'}
2026-01-26 12:34:39,912 INFO sqlalchemy.engine.Engine SELECT pg_catalog.pg_class.relname 
FROM pg_catalog.pg_class JOIN pg_catalog.pg_namespace ON pg_catalog.pg_namespace.oid = pg_catalog.pg_class.relnamespace 
WHERE pg_catalog.pg_class.relname = %(table_name)s AND pg_catalog.pg_class.relkind = ANY (ARRAY[%(param_1)s, %(param_2)s, %(param_3)s, %(param_4)s, %(param_5)s]) AND pg_catalog.pg_table_is_visible(pg_catalog.pg_class.oid) AND pg_catalog.pg_namespace.nspname != %(nspname_1)s
2026-01-26 12:34:39,912 INFO sqlalchemy.engine.Engine [cached since 0.4473s ago] {'table_name': 'users', 'param_1': 'r', 'param_2': 'p', 'param_3': 'f', 'param_4': 'v', 'param_5': 'm', 'nspname_1': 'pg_catalog'}
2026-01-26 12:34:40,124 INFO sqlalchemy.engine.Engine COMMIT
INFO:     Application startup complete.
INFO:     Uvicorn running on http://0.0.0.0:8000 (Press CTRL+C to quit)
INFO:     127.0.0.1:48098 - "GET / HTTP/1.1" 200 OK
2026-01-26 12:35:08,385 INFO sqlalchemy.engine.Engine BEGIN (implicit)
2026-01-26 12:35:08,396 INFO sqlalchemy.engine.Engine SELECT users.id, users.name, users.email, users.image, users."emailVerified", users."hashedPassword", users."createdAt", users."updatedAt" 
FROM users 
WHERE users.email = %(email_1)s
2026-01-26 12:35:08,396 INFO sqlalchemy.engine.Engine [generated in 0.00060s] {'email_1': 'testcors@example.com'}
2026-01-26 12:35:09,129 INFO sqlalchemy.engine.Engine INSERT INTO users (id, name, email, image, "emailVerified", "hashedPassword") VALUES (%(id)s, %(name)s, %(email)s, %(image)s, %(emailVerified)s, %(hashedPassword)s) RETURNING users."createdAt", users."updatedAt"
2026-01-26 12:35:09,129 INFO sqlalchemy.engine.Engine [generated in 0.00061s] {'id': 'user_16ad334e37714d159073b9fe80097d08', 'name': 'CORS Test', 'email': 'testcors@example.com', 'image': None, 'emailVerified': None, 'hashedPassword': '$2b$12$6di6GKBLpyfPT7B3G2qimO0YErwYkmdm1W8kLvnGwzLEC2jThXxsi'}
2026-01-26 12:35:09,363 INFO sqlalchemy.engine.Engine COMMIT
2026-01-26 12:35:09,816 INFO sqlalchemy.engine.Engine BEGIN (implicit)
2026-01-26 12:35:09,818 INFO sqlalchemy.engine.Engine SELECT users.id, users.name, users.email, users.image, users."emailVerified", users."hashedPassword", users."createdAt", users."updatedAt" 
FROM users 
WHERE users.id = %(pk_1)s
2026-01-26 12:35:09,819 INFO sqlalchemy.engine.Engine [generated in 0.00058s] {'pk_1': 'user_16ad334e37714d159073b9fe80097d08'}
INFO:     127.0.0.1:56222 - "POST /auth/signup HTTP/1.1" 201 Created
2026-01-26 12:35:10,262 INFO sqlalchemy.engine.Engine ROLLBACK
2026-01-26 12:35:22,793 INFO sqlalchemy.engine.Engine BEGIN (implicit)
2026-01-26 12:35:22,793 INFO sqlalchemy.engine.Engine SELECT users.id, users.name, users.email, users.image, users."emailVerified", users."hashedPassword", users."createdAt", users."updatedAt" 
FROM users 
WHERE users.email = %(email_1)s
2026-01-26 12:35:22,794 INFO sqlalchemy.engine.Engine [cached since 15.48s ago] {'email_1': 'testcors@example.com'}
INFO:     127.0.0.1:60110 - "POST /auth/signin HTTP/1.1" 200 OK
2026-01-26 12:35:23,450 INFO sqlalchemy.engine.Engine ROLLBACK
2026-01-26 12:35:40,013 INFO sqlalchemy.engine.Engine BEGIN (implicit)
2026-01-26 12:35:40,015 INFO sqlalchemy.engine.Engine SELECT users.id AS users_id, users.name AS users_name, users.email AS users_email, users.image AS users_image, users."emailVerified" AS "users_emailVerified", users."hashedPassword" AS "users_hashedPassword", users."createdAt" AS "users_createdAt", users."updatedAt" AS "users_updatedAt" 
FROM users 
WHERE users.id = %(pk_1)s
2026-01-26 12:35:40,016 INFO sqlalchemy.engine.Engine [generated in 0.00056s] {'pk_1': 'user_16ad334e37714d159073b9fe80097d08'}
2026-01-26 12:35:40,447 INFO sqlalchemy.engine.Engine INSERT INTO task (id, title, description, completed, priority, due_date, category, user_id) VALUES (%(id)s, %(title)s, %(description)s, %(completed)s, %(priority)s, %(due_date)s, %(category)s, %(user_id)s) RETURNING task.created_at, task.updated_at
2026-01-26 12:35:40,448 INFO sqlalchemy.engine.Engine [generated in 0.00116s] {'id': '12bd3fa6-2a85-457d-9c75-f4cfb18795c5', 'title': 'Test Task from Auth Flow', 'description': 'This task was created after successful authentication', 'completed': False, 'priority': 'high', 'due_date': None, 'category': None, 'user_id': 'user_16ad334e37714d159073b9fe80097d08'}
2026-01-26 12:35:40,674 INFO sqlalchemy.engine.Engine COMMIT
2026-01-26 12:35:41,098 INFO sqlalchemy.engine.Engine BEGIN (implicit)
2026-01-26 12:35:41,101 INFO sqlalchemy.engine.Engine SELECT task.id, task.title, task.description, task.completed, task.priority, task.due_date, task.category, task.user_id, task.created_at, task.updated_at 
FROM task 
WHERE task.id = %(pk_1)s
2026-01-26 12:35:41,102 INFO sqlalchemy.engine.Engine [generated in 0.00071s] {'pk_1': '12bd3fa6-2a85-457d-9c75-f4cfb18795c5'}
INFO:     127.0.0.1:41474 - "POST /api/tasks/ HTTP/1.1" 201 Created
2026-01-26 12:35:41,544 INFO sqlalchemy.engine.Engine ROLLBACK
2026-01-26 12:38:48,162 INFO sqlalchemy.engine.Engine BEGIN (implicit)
2026-01-26 12:38:48,165 INFO sqlalchemy.engine.Engine SELECT users.id, users.name, users.email, users.image, users."emailVerified", users."hashedPassword", users."createdAt", users."updatedAt" 
FROM users 
WHERE users.email = %(email_1)s
2026-01-26 12:38:48,167 INFO sqlalchemy.engine.Engine [cached since 227.4s ago] {'email_1': 'dua35347@gmail.com'}
2026-01-26 12:38:48,610 INFO sqlalchemy.engine.Engine ROLLBACK
INFO:     127.0.0.1:51930 - "POST /auth/signin HTTP/1.1" 401 Unauthorized
2026-01-26 12:41:02,932 INFO sqlalchemy.engine.Engine BEGIN (implicit)
2026-01-26 12:41:02,932 INFO sqlalchemy.engine.Engine SELECT users.id, users.name, users.email, users.image, users."emailVerified", users."hashedPassword", users."createdAt", users."updatedAt" 
FROM users 
WHERE users.email = %(email_1)s
2026-01-26 12:41:02,933 INFO sqlalchemy.engine.Engine [cached since 368.2s ago] {'email_1': 'dua35347@gmail.com'}
2026-01-26 12:41:03,354 INFO sqlalchemy.engine.Engine ROLLBACK
INFO:     127.0.0.1:48842 - "POST /auth/signin HTTP/1.1" 401 Unauthorized
2026-01-26 12:41:06,348 INFO sqlalchemy.engine.Engine BEGIN (implicit)
2026-01-26 12:41:06,351 INFO sqlalchemy.engine.Engine SELECT users.id, users.name, users.email, users.image, users."emailVerified", users."hashedPassword", users."createdAt", users."updatedAt" 
FROM users 
WHERE users.email = %(email_1)s
2026-01-26 12:41:06,354 INFO sqlalchemy.engine.Engine [cached since 371.7s ago] {'email_1': 'dua35347@gmail.com'}
2026-01-26 12:41:06,782 INFO sqlalchemy.engine.Engine ROLLBACK
INFO:     127.0.0.1:48842 - "POST /auth/signin HTTP/1.1" 401 Unauthorized
2026-01-26 12:41:08,662 INFO sqlalchemy.engine.Engine BEGIN (implicit)
2026-01-26 12:41:08,663 INFO sqlalchemy.engine.Engine SELECT users.id, users.name, users.email, users.image, users."emailVerified", users."hashedPassword", users."createdAt", users."updatedAt" 
FROM users 
WHERE users.email = %(email_1)s
2026-01-26 12:41:08,664 INFO sqlalchemy.engine.Engine [cached since 374s ago] {'email_1': 'dua35347@gmail.com'}
2026-01-26 12:41:09,091 INFO sqlalchemy.engine.Engine ROLLBACK
INFO:     127.0.0.1:48842 - "POST /auth/signin HTTP/1.1" 401 Unauthorized
2026-01-26 12:42:05,792 INFO sqlalchemy.engine.Engine BEGIN (implicit)
2026-01-26 12:42:05,793 INFO sqlalchemy.engine.Engine SELECT users.id, users.name, users.email, users.image, users."emailVerified", users."hashedPassword", users."createdAt", users."updatedAt" 
FROM users 
WHERE users.email = %(email_1)s
2026-01-26 12:42:05,794 INFO sqlalchemy.engine.Engine [cached since 433.6s ago] {'email_1': 'finaltest@example.com'}
Traceback (most recent call last):
  File "/mnt/e/Hackathon2_Todo_App/Phase_2/backend/src/api/auth_router.py", line 71, in signup
    raise HTTPException(
fastapi.exceptions.HTTPException
Signup error: 
2026-01-26 12:42:06,257 INFO sqlalchemy.engine.Engine ROLLBACK
INFO:     127.0.0.1:35308 - "POST /auth/signup HTTP/1.1" 409 Conflict
2026-01-26 12:42:18,271 INFO sqlalchemy.engine.Engine BEGIN (implicit)
2026-01-26 12:42:18,272 INFO sqlalchemy.engine.Engine SELECT users.id, users.name, users.email, users.image, users."emailVerified", users."hashedPassword", users."createdAt", users."updatedAt" 
FROM users 
WHERE users.email = %(email_1)s
2026-01-26 12:42:18,273 INFO sqlalchemy.engine.Engine [cached since 446.1s ago] {'email_1': 'finaltest1769413338@example.com'}
2026-01-26 12:42:19,007 INFO sqlalchemy.engine.Engine INSERT INTO users (id, name, email, image, "emailVerified", "hashedPassword") VALUES (%(id)s, %(name)s, %(email)s, %(image)s, %(emailVerified)s, %(hashedPassword)s) RETURNING users."createdAt", users."updatedAt"
2026-01-26 12:42:19,008 INFO sqlalchemy.engine.Engine [cached since 446.1s ago] {'id': 'user_e8d559b9cf00431da7578abf2d5a0b27', 'name': 'Final Test', 'email': 'finaltest1769413338@example.com', 'image': None, 'emailVerified': None, 'hashedPassword': '$2b$12$j3TSKovO45tmvWrWxblQB.djZ5M/4sB9h7lZu2ir9yI4iGpn65FNe'}
2026-01-26 12:42:19,224 INFO sqlalchemy.engine.Engine COMMIT
2026-01-26 12:42:19,651 INFO sqlalchemy.engine.Engine BEGIN (implicit)
2026-01-26 12:42:19,651 INFO sqlalchemy.engine.Engine SELECT users.id, users.name, users.email, users.image, users."emailVerified", users."hashedPassword", users."createdAt", users."updatedAt" 
FROM users 
WHERE users.id = %(pk_1)s
2026-01-26 12:42:19,656 INFO sqlalchemy.engine.Engine [cached since 446.1s ago] {'pk_1': 'user_e8d559b9cf00431da7578abf2d5a0b27'}
INFO:     127.0.0.1:55116 - "POST /auth/signup HTTP/1.1" 201 Created
2026-01-26 12:42:20,089 INFO sqlalchemy.engine.Engine ROLLBACK
2026-01-26 12:42:34,239 INFO sqlalchemy.engine.Engine BEGIN (implicit)
2026-01-26 12:42:34,240 INFO sqlalchemy.engine.Engine SELECT users.id, users.name, users.email, users.image, users."emailVerified", users."hashedPassword", users."createdAt", users."updatedAt" 
FROM users 
WHERE users.email = %(email_1)s
2026-01-26 12:42:34,240 INFO sqlalchemy.engine.Engine [cached since 463.5s ago] {'email_1': 'finaltest$(date  %s)@example.com'}
2026-01-26 12:42:34,715 INFO sqlalchemy.engine.Engine ROLLBACK
INFO:     127.0.0.1:35242 - "POST /auth/signin HTTP/1.1" 401 Unauthorized
2026-01-26 12:42:51,356 INFO sqlalchemy.engine.Engine BEGIN (implicit)
2026-01-26 12:42:51,357 INFO sqlalchemy.engine.Engine SELECT users.id, users.name, users.email, users.image, users."emailVerified", users."hashedPassword", users."createdAt", users."updatedAt" 
FROM users 
WHERE users.email = %(email_1)s
2026-01-26 12:42:51,358 INFO sqlalchemy.engine.Engine [cached since 480.6s ago] {'email_1': 'finaltest1769413058@example.com'}
2026-01-26 12:42:51,783 INFO sqlalchemy.engine.Engine ROLLBACK
INFO:     127.0.0.1:55368 - "POST /auth/signin HTTP/1.1" 401 Unauthorized
2026-01-26 12:43:07,717 INFO sqlalchemy.engine.Engine BEGIN (implicit)
2026-01-26 12:43:07,721 INFO sqlalchemy.engine.Engine SELECT users.id, users.name, users.email, users.image, users."emailVerified", users."hashedPassword", users."createdAt", users."updatedAt" 
FROM users 
WHERE users.email = %(email_1)s
2026-01-26 12:43:07,721 INFO sqlalchemy.engine.Engine [cached since 498.3s ago] {'email_1': 'testtime1769413387@example.com'}
2026-01-26 12:43:08,442 INFO sqlalchemy.engine.Engine INSERT INTO users (id, name, email, image, "emailVerified", "hashedPassword") VALUES (%(id)s, %(name)s, %(email)s, %(image)s, %(emailVerified)s, %(hashedPassword)s) RETURNING users."createdAt", users."updatedAt"
2026-01-26 12:43:08,443 INFO sqlalchemy.engine.Engine [cached since 498.3s ago] {'id': 'user_768de800e1b743ca9855f4ef7bc6f421', 'name': 'Time Test', 'email': 'testtime1769413387@example.com', 'image': None, 'emailVerified': None, 'hashedPassword': '$2b$12$i37xJXGn90PH.0la/axMCOwwGc3c/tJkPIuV2W3luYgs9fH19TVt.'}
2026-01-26 12:43:08,663 INFO sqlalchemy.engine.Engine COMMIT
2026-01-26 12:43:09,087 INFO sqlalchemy.engine.Engine BEGIN (implicit)
2026-01-26 12:43:09,094 INFO sqlalchemy.engine.Engine SELECT users.id, users.name, users.email, users.image, users."emailVerified", users."hashedPassword", users."createdAt", users."updatedAt" 
FROM users 
WHERE users.id = %(pk_1)s
2026-01-26 12:43:09,094 INFO sqlalchemy.engine.Engine [cached since 498.2s ago] {'pk_1': 'user_768de800e1b743ca9855f4ef7bc6f421'}
INFO:     127.0.0.1:47444 - "POST /auth/signup HTTP/1.1" 201 Created
2026-01-26 12:43:09,521 INFO sqlalchemy.engine.Engine ROLLBACK
2026-01-26 12:43:10,272 INFO sqlalchemy.engine.Engine BEGIN (implicit)
2026-01-26 12:43:10,274 INFO sqlalchemy.engine.Engine SELECT users.id, users.name, users.email, users.image, users."emailVerified", users."hashedPassword", users."createdAt", users."updatedAt" 
FROM users 
WHERE users.email = %(email_1)s
2026-01-26 12:43:10,275 INFO sqlalchemy.engine.Engine [cached since 500.8s ago] {'email_1': 'testtime1769413387@example.com'}
INFO:     127.0.0.1:47458 - "POST /auth/signin HTTP/1.1" 200 OK
2026-01-26 12:43:10,979 INFO sqlalchemy.engine.Engine ROLLBACK
2026-01-26 12:43:33,424 INFO sqlalchemy.engine.Engine BEGIN (implicit)
2026-01-26 12:43:33,425 INFO sqlalchemy.engine.Engine SELECT users.id, users.name, users.email, users.image, users."emailVerified", users."hashedPassword", users."createdAt", users."updatedAt" 
FROM users 
WHERE users.email = %(email_1)s
2026-01-26 12:43:33,426 INFO sqlalchemy.engine.Engine [cached since 525.2s ago] {'email_1': 'dua35347@gmail.com'}
2026-01-26 12:43:33,857 INFO sqlalchemy.engine.Engine ROLLBACK
INFO:     127.0.0.1:52056 - "POST /auth/signin HTTP/1.1" 401 Unauthorized
2026-01-26 12:45:31,517 INFO sqlalchemy.engine.Engine BEGIN (implicit)
2026-01-26 12:45:31,518 INFO sqlalchemy.engine.Engine SELECT users.id, users.name, users.email, users.image, users."emailVerified", users."hashedPassword", users."createdAt", users."updatedAt" 
FROM users 
WHERE users.email = %(email_1)s
2026-01-26 12:45:31,522 INFO sqlalchemy.engine.Engine [cached since 647.2s ago] {'email_1': 'finaltestrobust@example.com'}
2026-01-26 12:45:32,184 INFO sqlalchemy.engine.Engine INSERT INTO users (id, name, email, image, "emailVerified", "hashedPassword") VALUES (%(id)s, %(name)s, %(email)s, %(image)s, %(emailVerified)s, %(hashedPassword)s) RETURNING users."createdAt", users."updatedAt"
2026-01-26 12:45:32,186 INFO sqlalchemy.engine.Engine [cached since 647.2s ago] {'id': 'user_c0c8851765504eb1b05b2c101a8b5f30', 'name': 'Robust Test', 'email': 'finaltestrobust@example.com', 'image': None, 'emailVerified': None, 'hashedPassword': '$2b$12$4Hr8/ibHy13dWHAjoqcCOu4JVI4BoZylZ7mp1tpD4Rfw3gLe0NF8e'}
2026-01-26 12:45:32,400 INFO sqlalchemy.engine.Engine COMMIT
2026-01-26 12:45:32,829 INFO sqlalchemy.engine.Engine BEGIN (implicit)
2026-01-26 12:45:32,829 INFO sqlalchemy.engine.Engine SELECT users.id, users.name, users.email, users.image, users."emailVerified", users."hashedPassword", users."createdAt", users."updatedAt" 
FROM users 
WHERE users.id = %(pk_1)s
2026-01-26 12:45:32,830 INFO sqlalchemy.engine.Engine [cached since 647.1s ago] {'pk_1': 'user_c0c8851765504eb1b05b2c101a8b5f30'}
INFO:     127.0.0.1:38226 - "POST /auth/signup HTTP/1.1" 201 Created
2026-01-26 12:45:33,262 INFO sqlalchemy.engine.Engine ROLLBACK
2026-01-26 12:45:48,820 INFO sqlalchemy.engine.Engine BEGIN (implicit)
2026-01-26 12:45:48,825 INFO sqlalchemy.engine.Engine SELECT users.id, users.name, users.email, users.image, users."emailVerified", users."hashedPassword", users."createdAt", users."updatedAt" 
FROM users 
WHERE users.email = %(email_1)s
2026-01-26 12:45:48,825 INFO sqlalchemy.engine.Engine [cached since 665.9s ago] {'email_1': 'finaltestrobust@example.com'}
INFO:     127.0.0.1:37518 - "POST /auth/signin HTTP/1.1" 200 OK
2026-01-26 12:45:49,747 INFO sqlalchemy.engine.Engine ROLLBACK
2026-01-26 12:46:00,116 INFO sqlalchemy.engine.Engine BEGIN (implicit)
2026-01-26 12:46:00,117 INFO sqlalchemy.engine.Engine SELECT users.id, users.name, users.email, users.image, users."emailVerified", users."hashedPassword", users."createdAt", users."updatedAt" 
FROM users 
WHERE users.email = %(email_1)s
2026-01-26 12:46:00,117 INFO sqlalchemy.engine.Engine [cached since 677.2s ago] {'email_1': 'dua35347@gmail.com'}
2026-01-26 12:46:00,548 INFO sqlalchemy.engine.Engine ROLLBACK
INFO:     127.0.0.1:44392 - "POST /auth/signin HTTP/1.1" 401 Unauthorized
2026-01-26 12:46:43,140 INFO sqlalchemy.engine.Engine BEGIN (implicit)
2026-01-26 12:46:43,141 INFO sqlalchemy.engine.Engine SELECT users.id, users.name, users.email, users.image, users."emailVerified", users."hashedPassword", users."createdAt", users."updatedAt" 
FROM users 
WHERE users.email = %(email_1)s
2026-01-26 12:46:43,145 INFO sqlalchemy.engine.Engine [cached since 722.8s ago] {'email_1': 'dua35347@gmail.com'}
2026-01-26 12:46:43,626 INFO sqlalchemy.engine.Engine ROLLBACK
INFO:     127.0.0.1:58244 - "POST /auth/signin HTTP/1.1" 401 Unauthorized
2026-01-26 12:48:46,796 INFO sqlalchemy.engine.Engine BEGIN (implicit)
2026-01-26 12:48:46,797 INFO sqlalchemy.engine.Engine SELECT users.id, users.name, users.email, users.image, users."emailVerified", users."hashedPassword", users."createdAt", users."updatedAt" 
FROM users 
WHERE users.email = %(email_1)s
2026-01-26 12:48:46,797 INFO sqlalchemy.engine.Engine [cached since 851.7s ago] {'email_1': 'finalrobusttest@example.com'}
2026-01-26 12:48:47,471 INFO sqlalchemy.engine.Engine INSERT INTO users (id, name, email, image, "emailVerified", "hashedPassword") VALUES (%(id)s, %(name)s, %(email)s, %(image)s, %(emailVerified)s, %(hashedPassword)s) RETURNING users."createdAt", users."updatedAt"
2026-01-26 12:48:47,478 INFO sqlalchemy.engine.Engine [cached since 851.7s ago] {'id': 'user_7fc35ae48fc74c74b38f07ab1eb39c42', 'name': 'Final Robust Test', 'email': 'finalrobusttest@example.com', 'image': None, 'emailVerified': None, 'hashedPassword': '$2b$12$U8yptz7/Z8gKM4x2ILsGiug3MHhVVCMyYaBSbv0da5wcsFsA7huM.'}
2026-01-26 12:48:47,711 INFO sqlalchemy.engine.Engine COMMIT
2026-01-26 12:48:48,139 INFO sqlalchemy.engine.Engine BEGIN (implicit)
2026-01-26 12:48:48,140 INFO sqlalchemy.engine.Engine SELECT users.id, users.name, users.email, users.image, users."emailVerified", users."hashedPassword", users."createdAt", users."updatedAt" 
FROM users 
WHERE users.id = %(pk_1)s
2026-01-26 12:48:48,144 INFO sqlalchemy.engine.Engine [cached since 851.7s ago] {'pk_1': 'user_7fc35ae48fc74c74b38f07ab1eb39c42'}
INFO:     127.0.0.1:34704 - "POST /auth/signup HTTP/1.1" 201 Created
2026-01-26 12:48:48,587 INFO sqlalchemy.engine.Engine ROLLBACK
2026-01-26 12:49:05,892 INFO sqlalchemy.engine.Engine BEGIN (implicit)
2026-01-26 12:49:05,893 INFO sqlalchemy.engine.Engine SELECT users.id, users.name, users.email, users.image, users."emailVerified", users."hashedPassword", users."createdAt", users."updatedAt" 
FROM users 
WHERE users.email = %(email_1)s
2026-01-26 12:49:05,898 INFO sqlalchemy.engine.Engine [cached since 870.8s ago] {'email_1': 'finalrobusttest@example.com'}
INFO:     127.0.0.1:33652 - "POST /auth/signin HTTP/1.1" 200 OK
2026-01-26 12:49:06,592 INFO sqlalchemy.engine.Engine ROLLBACK
2026-01-26 12:49:33,620 INFO sqlalchemy.engine.Engine BEGIN (implicit)
2026-01-26 12:49:33,623 INFO sqlalchemy.engine.Engine SELECT users.id, users.name, users.email, users.image, users."emailVerified", users."hashedPassword", users."createdAt", users."updatedAt" 
FROM users 
WHERE users.email = %(email_1)s
2026-01-26 12:49:33,624 INFO sqlalchemy.engine.Engine [cached since 899.8s ago] {'email_1': 'dua35347@gmail.com'}
2026-01-26 12:49:34,055 INFO sqlalchemy.engine.Engine ROLLBACK
INFO:     127.0.0.1:53590 - "POST /auth/signin HTTP/1.1" 401 Unauthorized
2026-01-26 12:55:52,681 INFO sqlalchemy.engine.Engine BEGIN (implicit)
2026-01-26 12:55:52,682 INFO sqlalchemy.engine.Engine SELECT users.id, users.name, users.email, users.image, users."emailVerified", users."hashedPassword", users."createdAt", users."updatedAt" 
FROM users 
WHERE users.email = %(email_1)s
2026-01-26 12:55:52,683 INFO sqlalchemy.engine.Engine [cached since 1295s ago] {'email_1': 'dua35347@gmail.com'}
2026-01-26 12:55:53,423 INFO sqlalchemy.engine.Engine INSERT INTO users (id, name, email, image, "emailVerified", "hashedPassword") VALUES (%(id)s, %(name)s, %(email)s, %(image)s, %(emailVerified)s, %(hashedPassword)s) RETURNING users."createdAt", users."updatedAt"
2026-01-26 12:55:53,423 INFO sqlalchemy.engine.Engine [cached since 1295s ago] {'id': 'user_089ebe22d01948bb84413c4e8c8de973', 'name': 'Dua User', 'email': 'dua35347@gmail.com', 'image': None, 'emailVerified': None, 'hashedPassword': '$2b$12$Y0AkKZAVQNKk4tU6dsyl6.mnbqFcGHlhHozpS9vKcHLRHDNAfLxwW'}
2026-01-26 12:55:53,642 INFO sqlalchemy.engine.Engine COMMIT
2026-01-26 12:55:54,075 INFO sqlalchemy.engine.Engine BEGIN (implicit)
2026-01-26 12:55:54,078 INFO sqlalchemy.engine.Engine SELECT users.id, users.name, users.email, users.image, users."emailVerified", users."hashedPassword", users."createdAt", users."updatedAt" 
FROM users 
WHERE users.id = %(pk_1)s
2026-01-26 12:55:54,078 INFO sqlalchemy.engine.Engine [cached since 1295s ago] {'pk_1': 'user_089ebe22d01948bb84413c4e8c8de973'}
INFO:     127.0.0.1:47096 - "POST /auth/signup HTTP/1.1" 201 Created
2026-01-26 12:55:54,592 INFO sqlalchemy.engine.Engine ROLLBACK
2026-01-26 12:56:14,715 INFO sqlalchemy.engine.Engine BEGIN (implicit)
2026-01-26 12:56:14,721 INFO sqlalchemy.engine.Engine SELECT users.id, users.name, users.email, users.image, users."emailVerified", users."hashedPassword", users."createdAt", users."updatedAt" 
FROM users 
WHERE users.email = %(email_1)s
2026-01-26 12:56:14,721 INFO sqlalchemy.engine.Engine [cached since 1319s ago] {'email_1': 'dua35347@gmail.com'}
INFO:     127.0.0.1:49572 - "POST /auth/signin HTTP/1.1" 200 OK
2026-01-26 12:56:15,409 INFO sqlalchemy.engine.Engine ROLLBACK
2026-01-26 12:57:29,274 INFO sqlalchemy.engine.Engine BEGIN (implicit)
2026-01-26 12:57:29,275 INFO sqlalchemy.engine.Engine SELECT users.id, users.name, users.email, users.image, users."emailVerified", users."hashedPassword", users."createdAt", users."updatedAt" 
FROM users 
WHERE users.email = %(email_1)s
2026-01-26 12:57:29,276 INFO sqlalchemy.engine.Engine [cached since 1397s ago] {'email_1': 'dua35347@gmail.com'}
INFO:     127.0.0.1:51774 - "POST /auth/signin HTTP/1.1" 200 OK
2026-01-26 12:57:29,946 INFO sqlalchemy.engine.Engine ROLLBACK
2026-01-26 12:57:31,355 INFO sqlalchemy.engine.Engine BEGIN (implicit)
2026-01-26 12:57:31,356 INFO sqlalchemy.engine.Engine SELECT users.id AS users_id, users.name AS users_name, users.email AS users_email, users.image AS users_image, users."emailVerified" AS "users_emailVerified", users."hashedPassword" AS "users_hashedPassword", users."createdAt" AS "users_createdAt", users."updatedAt" AS "users_updatedAt" 
FROM users 
WHERE users.id = %(pk_1)s
2026-01-26 12:57:31,357 INFO sqlalchemy.engine.Engine [cached since 1367s ago] {'pk_1': 'user_089ebe22d01948bb84413c4e8c8de973'}
2026-01-26 12:57:31,816 INFO sqlalchemy.engine.Engine INSERT INTO task (id, title, description, completed, priority, due_date, category, user_id) VALUES (%(id)s, %(title)s, %(description)s, %(completed)s, %(priority)s, %(due_date)s, %(category)s, %(user_id)s) RETURNING task.created_at, task.updated_at
2026-01-26 12:57:31,819 INFO sqlalchemy.engine.Engine [cached since 1367s ago] {'id': '6033fd26-86af-429d-a89c-2feca26a1d21', 'title': 'Test Task for Dua', 'description': 'Created after successful account creation', 'completed': False, 'priority': 'medium', 'due_date': None, 'category': None, 'user_id': 'user_089ebe22d01948bb84413c4e8c8de973'}
2026-01-26 12:57:32,054 INFO sqlalchemy.engine.Engine COMMIT
2026-01-26 12:57:32,515 INFO sqlalchemy.engine.Engine BEGIN (implicit)
2026-01-26 12:57:32,519 INFO sqlalchemy.engine.Engine SELECT task.id, task.title, task.description, task.completed, task.priority, task.due_date, task.category, task.user_id, task.created_at, task.updated_at 
FROM task 
WHERE task.id = %(pk_1)s
2026-01-26 12:57:32,519 INFO sqlalchemy.engine.Engine [cached since 1367s ago] {'pk_1': '6033fd26-86af-429d-a89c-2feca26a1d21'}
INFO:     127.0.0.1:51784 - "POST /api/tasks/ HTTP/1.1" 201 Created
2026-01-26 12:57:33,086 INFO sqlalchemy.engine.Engine ROLLBACK
2026-01-26 12:59:30,235 INFO sqlalchemy.engine.Engine BEGIN (implicit)
2026-01-26 12:59:30,236 INFO sqlalchemy.engine.Engine SELECT users.id, users.name, users.email, users.image, users."emailVerified", users."hashedPassword", users."createdAt", users."updatedAt" 
FROM users 
WHERE users.email = %(email_1)s
2026-01-26 12:59:30,236 INFO sqlalchemy.engine.Engine [cached since 1524s ago] {'email_1': 'testuser_1769414371@example.com'}
2026-01-26 12:59:31,072 INFO sqlalchemy.engine.Engine INSERT INTO users (id, name, email, image, "emailVerified", "hashedPassword") VALUES (%(id)s, %(name)s, %(email)s, %(image)s, %(emailVerified)s, %(hashedPassword)s) RETURNING users."createdAt", users."updatedAt"
2026-01-26 12:59:31,072 INFO sqlalchemy.engine.Engine [cached since 1524s ago] {'id': 'user_bc444966e7e44136ac1ed7b99d49690e', 'name': 'Test User', 'email': 'testuser_1769414371@example.com', 'image': None, 'emailVerified': None, 'hashedPassword': '$2b$12$nkQgpVk6zanWSCd1MLaqAu5BpoOz4v.0MgZcRO9njMmaG.iCEGP/G'}
2026-01-26 12:59:31,293 INFO sqlalchemy.engine.Engine COMMIT
2026-01-26 12:59:31,740 INFO sqlalchemy.engine.Engine BEGIN (implicit)
2026-01-26 12:59:31,740 INFO sqlalchemy.engine.Engine SELECT users.id, users.name, users.email, users.image, users."emailVerified", users."hashedPassword", users."createdAt", users."updatedAt" 
FROM users 
WHERE users.id = %(pk_1)s
2026-01-26 12:59:31,741 INFO sqlalchemy.engine.Engine [cached since 1524s ago] {'pk_1': 'user_bc444966e7e44136ac1ed7b99d49690e'}
INFO:     127.0.0.1:47784 - "POST /auth/signup HTTP/1.1" 201 Created
2026-01-26 12:59:32,183 INFO sqlalchemy.engine.Engine ROLLBACK
2026-01-26 12:59:32,399 INFO sqlalchemy.engine.Engine BEGIN (implicit)
2026-01-26 12:59:32,404 INFO sqlalchemy.engine.Engine SELECT users.id, users.name, users.email, users.image, users."emailVerified", users."hashedPassword", users."createdAt", users."updatedAt" 
FROM users 
WHERE users.email = %(email_1)s
2026-01-26 12:59:32,405 INFO sqlalchemy.engine.Engine [cached since 1526s ago] {'email_1': 'testuser_1769414371@example.com'}
INFO:     127.0.0.1:47790 - "POST /auth/signin HTTP/1.1" 200 OK
2026-01-26 12:59:33,092 INFO sqlalchemy.engine.Engine ROLLBACK
2026-01-26 12:59:33,308 INFO sqlalchemy.engine.Engine BEGIN (implicit)
2026-01-26 12:59:33,309 INFO sqlalchemy.engine.Engine SELECT users.id AS users_id, users.name AS users_name, users.email AS users_email, users.image AS users_image, users."emailVerified" AS "users_emailVerified", users."hashedPassword" AS "users_hashedPassword", users."createdAt" AS "users_createdAt", users."updatedAt" AS "users_updatedAt" 
FROM users 
WHERE users.id = %(pk_1)s
2026-01-26 12:59:33,309 INFO sqlalchemy.engine.Engine [cached since 1494s ago] {'pk_1': 'user_bc444966e7e44136ac1ed7b99d49690e'}
2026-01-26 12:59:33,732 INFO sqlalchemy.engine.Engine INSERT INTO task (id, title, description, completed, priority, due_date, category, user_id) VALUES (%(id)s, %(title)s, %(description)s, %(completed)s, %(priority)s, %(due_date)s, %(category)s, %(user_id)s) RETURNING task.created_at, task.updated_at
2026-01-26 12:59:33,732 INFO sqlalchemy.engine.Engine [cached since 1494s ago] {'id': 'ef32934e-8608-456f-8960-af8d44061148', 'title': 'Test Task from Comprehensive Suite', 'description': 'This task was created during comprehensive testing', 'completed': False, 'priority': 'high', 'due_date': None, 'category': None, 'user_id': 'user_bc444966e7e44136ac1ed7b99d49690e'}
2026-01-26 12:59:33,941 INFO sqlalchemy.engine.Engine COMMIT
2026-01-26 12:59:34,369 INFO sqlalchemy.engine.Engine BEGIN (implicit)
2026-01-26 12:59:34,371 INFO sqlalchemy.engine.Engine SELECT task.id, task.title, task.description, task.completed, task.priority, task.due_date, task.category, task.user_id, task.created_at, task.updated_at 
FROM task 
WHERE task.id = %(pk_1)s
2026-01-26 12:59:34,372 INFO sqlalchemy.engine.Engine [cached since 1494s ago] {'pk_1': 'ef32934e-8608-456f-8960-af8d44061148'}
INFO:     127.0.0.1:47792 - "POST /api/tasks/ HTTP/1.1" 201 Created
2026-01-26 12:59:34,802 INFO sqlalchemy.engine.Engine ROLLBACK
2026-01-26 12:59:35,013 INFO sqlalchemy.engine.Engine BEGIN (implicit)
2026-01-26 12:59:35,014 INFO sqlalchemy.engine.Engine SELECT users.id AS users_id, users.name AS users_name, users.email AS users_email, users.image AS users_image, users."emailVerified" AS "users_emailVerified", users."hashedPassword" AS "users_hashedPassword", users."createdAt" AS "users_createdAt", users."updatedAt" AS "users_updatedAt" 
FROM users 
WHERE users.id = %(pk_1)s
2026-01-26 12:59:35,015 INFO sqlalchemy.engine.Engine [cached since 1496s ago] {'pk_1': 'user_bc444966e7e44136ac1ed7b99d49690e'}
2026-01-26 12:59:35,472 INFO sqlalchemy.engine.Engine SELECT task.id, task.title, task.description, task.completed, task.priority, task.due_date, task.category, task.user_id, task.created_at, task.updated_at 
FROM task 
WHERE task.user_id = %(user_id_1)s
2026-01-26 12:59:35,472 INFO sqlalchemy.engine.Engine [generated in 0.00168s] {'user_id_1': 'user_bc444966e7e44136ac1ed7b99d49690e'}
INFO:     127.0.0.1:47802 - "GET /api/tasks/ HTTP/1.1" 200 OK
2026-01-26 12:59:35,688 INFO sqlalchemy.engine.Engine ROLLBACK
2026-01-26 13:00:00,264 INFO sqlalchemy.engine.Engine BEGIN (implicit)
2026-01-26 13:00:00,265 INFO sqlalchemy.engine.Engine SELECT users.id, users.name, users.email, users.image, users."emailVerified", users."hashedPassword", users."createdAt", users."updatedAt" 
FROM users 
WHERE users.email = %(email_1)s
2026-01-26 13:00:00,268 INFO sqlalchemy.engine.Engine [cached since 1554s ago] {'email_1': 'dua35347@gmail.com'}
Traceback (most recent call last):
  File "/mnt/e/Hackathon2_Todo_App/Phase_2/backend/src/api/auth_router.py", line 71, in signup
    raise HTTPException(
fastapi.exceptions.HTTPException
Signup error: 
2026-01-26 13:00:00,702 INFO sqlalchemy.engine.Engine ROLLBACK
INFO:     127.0.0.1:54226 - "POST /auth/signup HTTP/1.1" 409 Conflict
2026-01-26 13:00:13,166 INFO sqlalchemy.engine.Engine BEGIN (implicit)
2026-01-26 13:00:13,168 INFO sqlalchemy.engine.Engine SELECT users.id, users.name, users.email, users.image, users."emailVerified", users."hashedPassword", users."createdAt", users."updatedAt" 
FROM users 
WHERE users.email = %(email_1)s
2026-01-26 13:00:13,168 INFO sqlalchemy.engine.Engine [cached since 1567s ago] {'email_1': 'dua35347@gmail.com'}
INFO:     127.0.0.1:40224 - "POST /auth/signin HTTP/1.1" 200 OK
2026-01-26 13:00:14,122 INFO sqlalchemy.engine.Engine ROLLBACK
2026-01-26 13:00:30,267 INFO sqlalchemy.engine.Engine BEGIN (implicit)
2026-01-26 13:00:30,269 INFO sqlalchemy.engine.Engine SELECT users.id, users.name, users.email, users.image, users."emailVerified", users."hashedPassword", users."createdAt", users."updatedAt" 
FROM users 
WHERE users.email = %(email_1)s
2026-01-26 13:00:30,270 INFO sqlalchemy.engine.Engine [cached since 1586s ago] {'email_1': 'dua35347@gmail.com'}
INFO:     127.0.0.1:41674 - "POST /auth/signin HTTP/1.1" 200 OK
2026-01-26 13:00:30,955 INFO sqlalchemy.engine.Engine ROLLBACK
2026-01-26 13:00:31,176 INFO sqlalchemy.engine.Engine BEGIN (implicit)
2026-01-26 13:00:31,179 INFO sqlalchemy.engine.Engine SELECT users.id AS users_id, users.name AS users_name, users.email AS users_email, users.image AS users_image, users."emailVerified" AS "users_emailVerified", users."hashedPassword" AS "users_hashedPassword", users."createdAt" AS "users_createdAt", users."updatedAt" AS "users_updatedAt" 
FROM users 
WHERE users.id = %(pk_1)s
2026-01-26 13:00:31,180 INFO sqlalchemy.engine.Engine [cached since 1554s ago] {'pk_1': 'user_089ebe22d01948bb84413c4e8c8de973'}
2026-01-26 13:00:31,611 INFO sqlalchemy.engine.Engine INSERT INTO task (id, title, description, completed, priority, due_date, category, user_id) VALUES (%(id)s, %(title)s, %(description)s, %(completed)s, %(priority)s, %(due_date)s, %(category)s, %(user_id)s) RETURNING task.created_at, task.updated_at
2026-01-26 13:00:31,614 INFO sqlalchemy.engine.Engine [cached since 1554s ago] {'id': 'c4129a1a-8ab3-4ed7-ada7-99b48c9c4445', 'title': 'Test Task for Dua', 'description': 'Created to verify user account is working', 'completed': False, 'priority': 'medium', 'due_date': None, 'category': None, 'user_id': 'user_089ebe22d01948bb84413c4e8c8de973'}
2026-01-26 13:00:31,825 INFO sqlalchemy.engine.Engine COMMIT
2026-01-26 13:00:32,251 INFO sqlalchemy.engine.Engine BEGIN (implicit)
2026-01-26 13:00:32,252 INFO sqlalchemy.engine.Engine SELECT task.id, task.title, task.description, task.completed, task.priority, task.due_date, task.category, task.user_id, task.created_at, task.updated_at 
FROM task 
WHERE task.id = %(pk_1)s
2026-01-26 13:00:32,253 INFO sqlalchemy.engine.Engine [cached since 1554s ago] {'pk_1': 'c4129a1a-8ab3-4ed7-ada7-99b48c9c4445'}
INFO:     127.0.0.1:41690 - "POST /api/tasks/ HTTP/1.1" 201 Created
2026-01-26 13:00:32,684 INFO sqlalchemy.engine.Engine ROLLBACK
2026-01-26 13:00:56,079 INFO sqlalchemy.engine.Engine BEGIN (implicit)
2026-01-26 13:00:56,081 INFO sqlalchemy.engine.Engine SELECT users.id, users.name, users.email, users.image, users."emailVerified", users."hashedPassword", users."createdAt", users."updatedAt" 
FROM users 
WHERE users.email = %(email_1)s
2026-01-26 13:00:56,083 INFO sqlalchemy.engine.Engine [cached since 1613s ago] {'email_1': 'dua35347@gmail.com'}
INFO:     127.0.0.1:46786 - "POST /auth/signin HTTP/1.1" 200 OK
2026-01-26 13:00:56,757 INFO sqlalchemy.engine.Engine ROLLBACK
2026-01-26 13:00:58,912 INFO sqlalchemy.engine.Engine BEGIN (implicit)
2026-01-26 13:00:58,913 INFO sqlalchemy.engine.Engine SELECT users.id, users.name, users.email, users.image, users."emailVerified", users."hashedPassword", users."createdAt", users."updatedAt" 
FROM users 
WHERE users.email = %(email_1)s
2026-01-26 13:00:58,913 INFO sqlalchemy.engine.Engine [cached since 1616s ago] {'email_1': 'dua35347@gmail.com'}
INFO:     127.0.0.1:46788 - "OPTIONS /api/tasks/ HTTP/1.1" 200 OK
INFO:     127.0.0.1:46788 - "OPTIONS /api/tasks/ HTTP/1.1" 200 OK
2026-01-26 13:00:59,556 INFO sqlalchemy.engine.Engine BEGIN (implicit)
2026-01-26 13:00:59,557 INFO sqlalchemy.engine.Engine SELECT users.id AS users_id, users.name AS users_name, users.email AS users_email, users.image AS users_image, users."emailVerified" AS "users_emailVerified", users."hashedPassword" AS "users_hashedPassword", users."createdAt" AS "users_createdAt", users."updatedAt" AS "users_updatedAt" 
FROM users 
WHERE users.id = %(pk_1)s
2026-01-26 13:00:59,557 INFO sqlalchemy.engine.Engine [cached since 1584s ago] {'pk_1': 'user_089ebe22d01948bb84413c4e8c8de973'}
2026-01-26 13:00:59,989 INFO sqlalchemy.engine.Engine SELECT task.id, task.title, task.description, task.completed, task.priority, task.due_date, task.category, task.user_id, task.created_at, task.updated_at 
FROM task 
WHERE task.user_id = %(user_id_1)s
2026-01-26 13:00:59,990 INFO sqlalchemy.engine.Engine [cached since 87.79s ago] {'user_id_1': 'user_089ebe22d01948bb84413c4e8c8de973'}
INFO:     127.0.0.1:46786 - "POST /auth/signin HTTP/1.1" 200 OK
2026-01-26 13:00:59,992 INFO sqlalchemy.engine.Engine ROLLBACK
INFO:     127.0.0.1:46788 - "GET /api/tasks/ HTTP/1.1" 200 OK
2026-01-26 13:01:00,204 INFO sqlalchemy.engine.Engine ROLLBACK
2026-01-26 13:01:02,402 INFO sqlalchemy.engine.Engine BEGIN (implicit)
2026-01-26 13:01:02,403 INFO sqlalchemy.engine.Engine SELECT users.id AS users_id, users.name AS users_name, users.email AS users_email, users.image AS users_image, users."emailVerified" AS "users_emailVerified", users."hashedPassword" AS "users_hashedPassword", users."createdAt" AS "users_createdAt", users."updatedAt" AS "users_updatedAt" 
FROM users 
WHERE users.id = %(pk_1)s
2026-01-26 13:01:02,403 INFO sqlalchemy.engine.Engine [cached since 1587s ago] {'pk_1': 'user_089ebe22d01948bb84413c4e8c8de973'}
2026-01-26 13:01:02,850 INFO sqlalchemy.engine.Engine SELECT task.id, task.title, task.description, task.completed, task.priority, task.due_date, task.category, task.user_id, task.created_at, task.updated_at 
FROM task 
WHERE task.user_id = %(user_id_1)s
2026-01-26 13:01:02,851 INFO sqlalchemy.engine.Engine [cached since 90.65s ago] {'user_id_1': 'user_089ebe22d01948bb84413c4e8c8de973'}
INFO:     127.0.0.1:46788 - "GET /api/tasks/ HTTP/1.1" 200 OK
2026-01-26 13:01:03,075 INFO sqlalchemy.engine.Engine ROLLBACK
2026-01-26 13:02:51,004 INFO sqlalchemy.engine.Engine BEGIN (implicit)
2026-01-26 13:02:51,007 INFO sqlalchemy.engine.Engine SELECT users.id, users.name, users.email, users.image, users."emailVerified", users."hashedPassword", users."createdAt", users."updatedAt" 
FROM users 
WHERE users.email = %(email_1)s
2026-01-26 13:02:51,009 INFO sqlalchemy.engine.Engine [cached since 1732s ago] {'email_1': 'dua35347@gmail.com'}
INFO:     127.0.0.1:36246 - "POST /auth/signin HTTP/1.1" 200 OK
2026-01-26 13:02:50,311 INFO sqlalchemy.engine.Engine ROLLBACK
INFO:     127.0.0.1:36246 - "OPTIONS /api/tasks/ HTTP/1.1" 200 OK
INFO:     127.0.0.1:36256 - "OPTIONS /api/tasks/ HTTP/1.1" 200 OK
2026-01-26 13:02:53,364 INFO sqlalchemy.engine.Engine BEGIN (implicit)
2026-01-26 13:02:53,365 INFO sqlalchemy.engine.Engine SELECT users.id AS users_id, users.name AS users_name, users.email AS users_email, users.image AS users_image, users."emailVerified" AS "users_emailVerified", users."hashedPassword" AS "users_hashedPassword", users."createdAt" AS "users_createdAt", users."updatedAt" AS "users_updatedAt" 
FROM users 
WHERE users.id = %(pk_1)s
2026-01-26 13:02:53,365 INFO sqlalchemy.engine.Engine [cached since 1703s ago] {'pk_1': 'user_089ebe22d01948bb84413c4e8c8de973'}
2026-01-26 13:02:53,816 INFO sqlalchemy.engine.Engine SELECT task.id, task.title, task.description, task.completed, task.priority, task.due_date, task.category, task.user_id, task.created_at, task.updated_at 
FROM task 
WHERE task.user_id = %(user_id_1)s
2026-01-26 13:02:53,817 INFO sqlalchemy.engine.Engine [cached since 207.2s ago] {'user_id_1': 'user_089ebe22d01948bb84413c4e8c8de973'}
INFO:     127.0.0.1:36246 - "GET /api/tasks/ HTTP/1.1" 200 OK
2026-01-26 13:02:54,041 INFO sqlalchemy.engine.Engine ROLLBACK
2026-01-26 13:02:54,259 INFO sqlalchemy.engine.Engine BEGIN (implicit)
2026-01-26 13:02:54,263 INFO sqlalchemy.engine.Engine SELECT users.id AS users_id, users.name AS users_name, users.email AS users_email, users.image AS users_image, users."emailVerified" AS "users_emailVerified", users."hashedPassword" AS "users_hashedPassword", users."createdAt" AS "users_createdAt", users."updatedAt" AS "users_updatedAt" 
FROM users 
WHERE users.id = %(pk_1)s
2026-01-26 13:02:54,263 INFO sqlalchemy.engine.Engine [cached since 1704s ago] {'pk_1': 'user_089ebe22d01948bb84413c4e8c8de973'}
2026-01-26 13:02:54,687 INFO sqlalchemy.engine.Engine SELECT task.id, task.title, task.description, task.completed, task.priority, task.due_date, task.category, task.user_id, task.created_at, task.updated_at 
FROM task 
WHERE task.user_id = %(user_id_1)s
2026-01-26 13:02:54,688 INFO sqlalchemy.engine.Engine [cached since 208.1s ago] {'user_id_1': 'user_089ebe22d01948bb84413c4e8c8de973'}
INFO:     127.0.0.1:36246 - "GET /api/tasks/ HTTP/1.1" 200 OK
2026-01-26 13:02:54,908 INFO sqlalchemy.engine.Engine ROLLBACK
INFO:     127.0.0.1:49642 - "OPTIONS /api/tasks/ HTTP/1.1" 200 OK
2026-01-26 13:05:26,875 INFO sqlalchemy.engine.Engine BEGIN (implicit)
2026-01-26 13:05:26,878 INFO sqlalchemy.engine.Engine SELECT users.id AS users_id, users.name AS users_name, users.email AS users_email, users.image AS users_image, users."emailVerified" AS "users_emailVerified", users."hashedPassword" AS "users_hashedPassword", users."createdAt" AS "users_createdAt", users."updatedAt" AS "users_updatedAt" 
FROM users 
WHERE users.id = %(pk_1)s
2026-01-26 13:05:26,879 INFO sqlalchemy.engine.Engine [cached since 1864s ago] {'pk_1': 'user_089ebe22d01948bb84413c4e8c8de973'}
2026-01-26 13:05:27,312 INFO sqlalchemy.engine.Engine INSERT INTO task (id, title, description, completed, priority, due_date, category, user_id) VALUES (%(id)s, %(title)s, %(description)s, %(completed)s, %(priority)s, %(due_date)s, %(category)s, %(user_id)s) RETURNING task.created_at, task.updated_at
2026-01-26 13:05:27,314 INFO sqlalchemy.engine.Engine [cached since 1864s ago] {'id': 'eeaf0a3c-f359-4e6d-8db3-13307869f59c', 'title': 'eraj', 'description': "i'm a student", 'completed': False, 'priority': 'medium', 'due_date': datetime.datetime(2027, 2, 7, 0, 0), 'category': 'personal', 'user_id': 'user_089ebe22d01948bb84413c4e8c8de973'}
2026-01-26 13:05:27,557 INFO sqlalchemy.engine.Engine COMMIT
2026-01-26 13:05:28,011 INFO sqlalchemy.engine.Engine BEGIN (implicit)
2026-01-26 13:05:28,014 INFO sqlalchemy.engine.Engine SELECT task.id, task.title, task.description, task.completed, task.priority, task.due_date, task.category, task.user_id, task.created_at, task.updated_at 
FROM task 
WHERE task.id = %(pk_1)s
2026-01-26 13:05:28,015 INFO sqlalchemy.engine.Engine [cached since 1864s ago] {'pk_1': 'eeaf0a3c-f359-4e6d-8db3-13307869f59c'}
INFO:     127.0.0.1:49642 - "POST /api/tasks/ HTTP/1.1" 201 Created
2026-01-26 13:05:28,452 INFO sqlalchemy.engine.Engine ROLLBACK
2026-01-26 13:06:29,438 INFO sqlalchemy.engine.Engine BEGIN (implicit)
2026-01-26 13:06:29,439 INFO sqlalchemy.engine.Engine SELECT users.id AS users_id, users.name AS users_name, users.email AS users_email, users.image AS users_image, users."emailVerified" AS "users_emailVerified", users."hashedPassword" AS "users_hashedPassword", users."createdAt" AS "users_createdAt", users."updatedAt" AS "users_updatedAt" 
FROM users 
WHERE users.id = %(pk_1)s
2026-01-26 13:06:29,440 INFO sqlalchemy.engine.Engine [cached since 1929s ago] {'pk_1': 'user_089ebe22d01948bb84413c4e8c8de973'}
2026-01-26 13:06:29,869 INFO sqlalchemy.engine.Engine INSERT INTO task (id, title, description, completed, priority, due_date, category, user_id) VALUES (%(id)s, %(title)s, %(description)s, %(completed)s, %(priority)s, %(due_date)s, %(category)s, %(user_id)s) RETURNING task.created_at, task.updated_at
2026-01-26 13:06:29,871 INFO sqlalchemy.engine.Engine [cached since 1929s ago] {'id': 'e1ad8a60-61f3-44f6-8224-dbb349ce5919', 'title': 'eraj naz', 'description': "i'm a student", 'completed': False, 'priority': 'high', 'due_date': datetime.datetime(2025, 3, 6, 0, 0), 'category': 'personal', 'user_id': 'user_089ebe22d01948bb84413c4e8c8de973'}
2026-01-26 13:06:30,086 INFO sqlalchemy.engine.Engine COMMIT
2026-01-26 13:06:30,518 INFO sqlalchemy.engine.Engine BEGIN (implicit)
2026-01-26 13:06:30,519 INFO sqlalchemy.engine.Engine SELECT task.id, task.title, task.description, task.completed, task.priority, task.due_date, task.category, task.user_id, task.created_at, task.updated_at 
FROM task 
WHERE task.id = %(pk_1)s
2026-01-26 13:06:30,520 INFO sqlalchemy.engine.Engine [cached since 1929s ago] {'pk_1': 'e1ad8a60-61f3-44f6-8224-dbb349ce5919'}
INFO:     127.0.0.1:60232 - "POST /api/tasks/ HTTP/1.1" 201 Created
2026-01-26 13:06:30,944 INFO sqlalchemy.engine.Engine ROLLBACK
