INFO:     Started server process [1438]
INFO:     Waiting for application startup.
2026-01-26 13:43:58,560 INFO sqlalchemy.engine.Engine select pg_catalog.version()
2026-01-26 13:43:58,561 INFO sqlalchemy.engine.Engine [raw sql] {}
2026-01-26 13:43:59,029 INFO sqlalchemy.engine.Engine select current_schema()
2026-01-26 13:43:59,031 INFO sqlalchemy.engine.Engine [raw sql] {}
2026-01-26 13:43:59,493 INFO sqlalchemy.engine.Engine show standard_conforming_strings
2026-01-26 13:43:59,493 INFO sqlalchemy.engine.Engine [raw sql] {}
2026-01-26 13:43:59,966 INFO sqlalchemy.engine.Engine BEGIN (implicit)
2026-01-26 13:43:59,980 INFO sqlalchemy.engine.Engine SELECT pg_catalog.pg_class.relname 
FROM pg_catalog.pg_class JOIN pg_catalog.pg_namespace ON pg_catalog.pg_namespace.oid = pg_catalog.pg_class.relnamespace 
WHERE pg_catalog.pg_class.relname = %(table_name)s AND pg_catalog.pg_class.relkind = ANY (ARRAY[%(param_1)s, %(param_2)s, %(param_3)s, %(param_4)s, %(param_5)s]) AND pg_catalog.pg_table_is_visible(pg_catalog.pg_class.oid) AND pg_catalog.pg_namespace.nspname != %(nspname_1)s
2026-01-26 13:43:59,981 INFO sqlalchemy.engine.Engine [generated in 0.00098s] {'table_name': 'task', 'param_1': 'r', 'param_2': 'p', 'param_3': 'f', 'param_4': 'v', 'param_5': 'm', 'nspname_1': 'pg_catalog'}
2026-01-26 13:44:00,470 INFO sqlalchemy.engine.Engine SELECT pg_catalog.pg_class.relname 
FROM pg_catalog.pg_class JOIN pg_catalog.pg_namespace ON pg_catalog.pg_namespace.oid = pg_catalog.pg_class.relnamespace 
WHERE pg_catalog.pg_class.relname = %(table_name)s AND pg_catalog.pg_class.relkind = ANY (ARRAY[%(param_1)s, %(param_2)s, %(param_3)s, %(param_4)s, %(param_5)s]) AND pg_catalog.pg_table_is_visible(pg_catalog.pg_class.oid) AND pg_catalog.pg_namespace.nspname != %(nspname_1)s
2026-01-26 13:44:00,471 INFO sqlalchemy.engine.Engine [cached since 0.4911s ago] {'table_name': 'users', 'param_1': 'r', 'param_2': 'p', 'param_3': 'f', 'param_4': 'v', 'param_5': 'm', 'nspname_1': 'pg_catalog'}
2026-01-26 13:44:00,712 INFO sqlalchemy.engine.Engine COMMIT
INFO:     Application startup complete.
INFO:     Uvicorn running on http://0.0.0.0:8000 (Press CTRL+C to quit)
INFO:     127.0.0.1:36342 - "GET / HTTP/1.1" 200 OK
INFO:     127.0.0.1:41092 - "GET / HTTP/1.1" 200 OK
2026-01-26 13:44:29,656 INFO sqlalchemy.engine.Engine BEGIN (implicit)
2026-01-26 13:44:29,663 INFO sqlalchemy.engine.Engine SELECT users.id, users.name, users.email, users.image, users."emailVerified", users."hashedPassword", users."createdAt", users."updatedAt" 
FROM users 
WHERE users.email = %(email_1)s
2026-01-26 13:44:29,664 INFO sqlalchemy.engine.Engine [generated in 0.00073s] {'email_1': 'dua35347@gmail.com'}
2026-01-26 13:44:30,398 INFO sqlalchemy.engine.Engine ROLLBACK
INFO:     127.0.0.1:41092 - "POST /auth/signin HTTP/1.1" 401 Unauthorized
2026-01-26 13:44:49,166 INFO sqlalchemy.engine.Engine BEGIN (implicit)
2026-01-26 13:44:49,167 INFO sqlalchemy.engine.Engine SELECT users.id, users.name, users.email, users.image, users."emailVerified", users."hashedPassword", users."createdAt", users."updatedAt" 
FROM users 
WHERE users.email = %(email_1)s
2026-01-26 13:44:49,170 INFO sqlalchemy.engine.Engine [cached since 19.51s ago] {'email_1': 'testuser123@example.com'}
2026-01-26 13:44:49,929 INFO sqlalchemy.engine.Engine INSERT INTO users (id, name, email, image, "emailVerified", "hashedPassword") VALUES (%(id)s, %(name)s, %(email)s, %(image)s, %(emailVerified)s, %(hashedPassword)s) RETURNING users."createdAt", users."updatedAt"
2026-01-26 13:44:49,930 INFO sqlalchemy.engine.Engine [generated in 0.00069s] {'id': 'user_982a1884d1f3498a989cff1abbf5e524', 'name': 'Test User', 'email': 'testuser123@example.com', 'image': None, 'emailVerified': None, 'hashedPassword': '$2b$12$dq/vuqOp8pwUOXVn5B7GEuoIyarWtocgNxRnfX5T2CztM8ROKP62y'}
2026-01-26 13:44:50,199 INFO sqlalchemy.engine.Engine COMMIT
2026-01-26 13:44:50,663 INFO sqlalchemy.engine.Engine BEGIN (implicit)
2026-01-26 13:44:50,665 INFO sqlalchemy.engine.Engine SELECT users.id, users.name, users.email, users.image, users."emailVerified", users."hashedPassword", users."createdAt", users."updatedAt" 
FROM users 
WHERE users.id = %(pk_1)s
2026-01-26 13:44:50,665 INFO sqlalchemy.engine.Engine [generated in 0.00067s] {'pk_1': 'user_982a1884d1f3498a989cff1abbf5e524'}
INFO:     127.0.0.1:55136 - "POST /auth/signup HTTP/1.1" 201 Created
2026-01-26 13:44:51,221 INFO sqlalchemy.engine.Engine ROLLBACK
2026-01-26 13:46:07,204 INFO sqlalchemy.engine.Engine BEGIN (implicit)
2026-01-26 13:46:07,210 INFO sqlalchemy.engine.Engine SELECT users.id, users.name, users.email, users.image, users."emailVerified", users."hashedPassword", users."createdAt", users."updatedAt" 
FROM users 
WHERE users.email = %(email_1)s
2026-01-26 13:46:07,240 INFO sqlalchemy.engine.Engine [cached since 103.6s ago] {'email_1': 'testuser123@example.com'}
INFO:     127.0.0.1:34552 - "POST /auth/signin HTTP/1.1" 200 OK
2026-01-26 13:46:07,988 INFO sqlalchemy.engine.Engine ROLLBACK
INFO:     127.0.0.1:43618 - "HEAD / HTTP/1.1" 405 Method Not Allowed
2026-01-26 13:49:42,807 INFO sqlalchemy.engine.Engine BEGIN (implicit)
2026-01-26 13:49:42,810 INFO sqlalchemy.engine.Engine SELECT users.id, users.name, users.email, users.image, users."emailVerified", users."hashedPassword", users."createdAt", users."updatedAt" 
FROM users 
WHERE users.email = %(email_1)s
2026-01-26 13:49:42,812 INFO sqlalchemy.engine.Engine [cached since 333.1s ago] {'email_1': 'dua35347@gmail.com'}
INFO:     127.0.0.1:48192 - "POST /auth/signin HTTP/1.1" 200 OK
2026-01-26 13:49:43,621 INFO sqlalchemy.engine.Engine ROLLBACK
INFO:     127.0.0.1:53306 - "OPTIONS /api/tasks/ HTTP/1.1" 200 OK
INFO:     127.0.0.1:53318 - "OPTIONS /api/tasks/ HTTP/1.1" 200 OK
2026-01-26 13:49:52,445 INFO sqlalchemy.engine.Engine BEGIN (implicit)
2026-01-26 13:49:52,447 INFO sqlalchemy.engine.Engine SELECT users.id AS users_id, users.name AS users_name, users.email AS users_email, users.image AS users_image, users."emailVerified" AS "users_emailVerified", users."hashedPassword" AS "users_hashedPassword", users."createdAt" AS "users_createdAt", users."updatedAt" AS "users_updatedAt" 
FROM users 
WHERE users.id = %(pk_1)s
2026-01-26 13:49:52,448 INFO sqlalchemy.engine.Engine [generated in 0.00065s] {'pk_1': 'user_089ebe22d01948bb84413c4e8c8de973'}
2026-01-26 13:49:52,919 INFO sqlalchemy.engine.Engine SELECT task.id, task.title, task.description, task.completed, task.priority, task.due_date, task.category, task.user_id, task.created_at, task.updated_at 
FROM task 
WHERE task.user_id = %(user_id_1)s
2026-01-26 13:49:52,919 INFO sqlalchemy.engine.Engine [generated in 0.00062s] {'user_id_1': 'user_089ebe22d01948bb84413c4e8c8de973'}
INFO:     127.0.0.1:53306 - "GET /api/tasks/ HTTP/1.1" 200 OK
2026-01-26 13:49:53,194 INFO sqlalchemy.engine.Engine ROLLBACK
2026-01-26 13:49:55,234 INFO sqlalchemy.engine.Engine BEGIN (implicit)
2026-01-26 13:49:55,234 INFO sqlalchemy.engine.Engine SELECT users.id AS users_id, users.name AS users_name, users.email AS users_email, users.image AS users_image, users."emailVerified" AS "users_emailVerified", users."hashedPassword" AS "users_hashedPassword", users."createdAt" AS "users_createdAt", users."updatedAt" AS "users_updatedAt" 
FROM users 
WHERE users.id = %(pk_1)s
2026-01-26 13:49:55,234 INFO sqlalchemy.engine.Engine [cached since 2.787s ago] {'pk_1': 'user_089ebe22d01948bb84413c4e8c8de973'}
2026-01-26 13:49:55,734 INFO sqlalchemy.engine.Engine SELECT task.id, task.title, task.description, task.completed, task.priority, task.due_date, task.category, task.user_id, task.created_at, task.updated_at 
FROM task 
WHERE task.user_id = %(user_id_1)s
2026-01-26 13:49:55,735 INFO sqlalchemy.engine.Engine [cached since 2.816s ago] {'user_id_1': 'user_089ebe22d01948bb84413c4e8c8de973'}
INFO:     127.0.0.1:53306 - "GET /api/tasks/ HTTP/1.1" 200 OK
2026-01-26 13:49:55,995 INFO sqlalchemy.engine.Engine ROLLBACK
INFO:     127.0.0.1:53144 - "OPTIONS /api/tasks/ HTTP/1.1" 200 OK
2026-01-26 13:52:26,062 INFO sqlalchemy.engine.Engine BEGIN (implicit)
2026-01-26 13:52:26,063 INFO sqlalchemy.engine.Engine SELECT users.id AS users_id, users.name AS users_name, users.email AS users_email, users.image AS users_image, users."emailVerified" AS "users_emailVerified", users."hashedPassword" AS "users_hashedPassword", users."createdAt" AS "users_createdAt", users."updatedAt" AS "users_updatedAt" 
FROM users 
WHERE users.id = %(pk_1)s
2026-01-26 13:52:26,064 INFO sqlalchemy.engine.Engine [cached since 163.5s ago] {'pk_1': 'user_089ebe22d01948bb84413c4e8c8de973'}
2026-01-26 13:52:26,508 INFO sqlalchemy.engine.Engine INSERT INTO task (id, title, description, completed, priority, due_date, category, user_id) VALUES (%(id)s, %(title)s, %(description)s, %(completed)s, %(priority)s, %(due_date)s, %(category)s, %(user_id)s) RETURNING task.created_at, task.updated_at
2026-01-26 13:52:26,510 INFO sqlalchemy.engine.Engine [generated in 0.00200s] {'id': 'fa2d22a6-96ad-4091-996c-b3b6f4d37072', 'title': 'hackathon ', 'description': 'hackthon phase2 complete', 'completed': False, 'priority': 'high', 'due_date': datetime.datetime(2026, 2, 7, 0, 0), 'category': 'work', 'user_id': 'user_089ebe22d01948bb84413c4e8c8de973'}
2026-01-26 13:52:26,746 INFO sqlalchemy.engine.Engine COMMIT
2026-01-26 13:52:27,190 INFO sqlalchemy.engine.Engine BEGIN (implicit)
2026-01-26 13:52:27,195 INFO sqlalchemy.engine.Engine SELECT task.id, task.title, task.description, task.completed, task.priority, task.due_date, task.category, task.user_id, task.created_at, task.updated_at 
FROM task 
WHERE task.id = %(pk_1)s
2026-01-26 13:52:27,196 INFO sqlalchemy.engine.Engine [generated in 0.00181s] {'pk_1': 'fa2d22a6-96ad-4091-996c-b3b6f4d37072'}
INFO:     127.0.0.1:53144 - "POST /api/tasks/ HTTP/1.1" 201 Created
2026-01-26 13:52:27,664 INFO sqlalchemy.engine.Engine ROLLBACK
INFO:     127.0.0.1:57734 - "OPTIONS /api/tasks/e1ad8a60-61f3-44f6-8224-dbb349ce5919 HTTP/1.1" 200 OK
2026-01-26 13:52:37,589 INFO sqlalchemy.engine.Engine BEGIN (implicit)
2026-01-26 13:52:37,591 INFO sqlalchemy.engine.Engine SELECT users.id AS users_id, users.name AS users_name, users.email AS users_email, users.image AS users_image, users."emailVerified" AS "users_emailVerified", users."hashedPassword" AS "users_hashedPassword", users."createdAt" AS "users_createdAt", users."updatedAt" AS "users_updatedAt" 
FROM users 
WHERE users.id = %(pk_1)s
2026-01-26 13:52:37,592 INFO sqlalchemy.engine.Engine [cached since 176.8s ago] {'pk_1': 'user_089ebe22d01948bb84413c4e8c8de973'}
2026-01-26 13:52:38,069 INFO sqlalchemy.engine.Engine SELECT task.id, task.title, task.description, task.completed, task.priority, task.due_date, task.category, task.user_id, task.created_at, task.updated_at 
FROM task 
WHERE task.id = %(id_1)s AND task.user_id = %(user_id_1)s
2026-01-26 13:52:38,070 INFO sqlalchemy.engine.Engine [generated in 0.00107s] {'id_1': 'e1ad8a60-61f3-44f6-8224-dbb349ce5919', 'user_id_1': 'user_089ebe22d01948bb84413c4e8c8de973'}
2026-01-26 13:52:38,307 INFO sqlalchemy.engine.Engine UPDATE task SET completed=%(completed)s, updated_at=now() WHERE task.id = %(task_id)s
2026-01-26 13:52:38,308 INFO sqlalchemy.engine.Engine [generated in 0.00121s] {'completed': True, 'task_id': 'e1ad8a60-61f3-44f6-8224-dbb349ce5919'}
2026-01-26 13:52:38,557 INFO sqlalchemy.engine.Engine COMMIT
2026-01-26 13:52:39,055 INFO sqlalchemy.engine.Engine BEGIN (implicit)
2026-01-26 13:52:39,057 INFO sqlalchemy.engine.Engine SELECT task.id, task.title, task.description, task.completed, task.priority, task.due_date, task.category, task.user_id, task.created_at, task.updated_at 
FROM task 
WHERE task.id = %(pk_1)s
2026-01-26 13:52:39,057 INFO sqlalchemy.engine.Engine [cached since 13.69s ago] {'pk_1': 'e1ad8a60-61f3-44f6-8224-dbb349ce5919'}
INFO:     127.0.0.1:57734 - "PUT /api/tasks/e1ad8a60-61f3-44f6-8224-dbb349ce5919 HTTP/1.1" 200 OK
2026-01-26 13:52:39,547 INFO sqlalchemy.engine.Engine ROLLBACK
2026-01-26 13:52:42,622 INFO sqlalchemy.engine.Engine BEGIN (implicit)
2026-01-26 13:52:42,626 INFO sqlalchemy.engine.Engine SELECT users.id AS users_id, users.name AS users_name, users.email AS users_email, users.image AS users_image, users."emailVerified" AS "users_emailVerified", users."hashedPassword" AS "users_hashedPassword", users."createdAt" AS "users_createdAt", users."updatedAt" AS "users_updatedAt" 
FROM users 
WHERE users.id = %(pk_1)s
2026-01-26 13:52:42,628 INFO sqlalchemy.engine.Engine [cached since 181.9s ago] {'pk_1': 'user_089ebe22d01948bb84413c4e8c8de973'}
2026-01-26 13:52:43,102 INFO sqlalchemy.engine.Engine SELECT task.id, task.title, task.description, task.completed, task.priority, task.due_date, task.category, task.user_id, task.created_at, task.updated_at 
FROM task 
WHERE task.id = %(id_1)s AND task.user_id = %(user_id_1)s
2026-01-26 13:52:43,104 INFO sqlalchemy.engine.Engine [cached since 5.035s ago] {'id_1': 'e1ad8a60-61f3-44f6-8224-dbb349ce5919', 'user_id_1': 'user_089ebe22d01948bb84413c4e8c8de973'}
2026-01-26 13:52:43,339 INFO sqlalchemy.engine.Engine UPDATE task SET completed=%(completed)s, updated_at=now() WHERE task.id = %(task_id)s
2026-01-26 13:52:43,341 INFO sqlalchemy.engine.Engine [cached since 5.034s ago] {'completed': False, 'task_id': 'e1ad8a60-61f3-44f6-8224-dbb349ce5919'}
2026-01-26 13:52:43,569 INFO sqlalchemy.engine.Engine COMMIT
2026-01-26 13:52:44,026 INFO sqlalchemy.engine.Engine BEGIN (implicit)
2026-01-26 13:52:44,028 INFO sqlalchemy.engine.Engine SELECT task.id, task.title, task.description, task.completed, task.priority, task.due_date, task.category, task.user_id, task.created_at, task.updated_at 
FROM task 
WHERE task.id = %(pk_1)s
2026-01-26 13:52:44,029 INFO sqlalchemy.engine.Engine [cached since 18.66s ago] {'pk_1': 'e1ad8a60-61f3-44f6-8224-dbb349ce5919'}
INFO:     127.0.0.1:57734 - "PUT /api/tasks/e1ad8a60-61f3-44f6-8224-dbb349ce5919 HTTP/1.1" 200 OK
2026-01-26 13:52:44,520 INFO sqlalchemy.engine.Engine ROLLBACK
2026-01-26 13:52:58,790 INFO sqlalchemy.engine.Engine BEGIN (implicit)
2026-01-26 13:52:58,792 INFO sqlalchemy.engine.Engine SELECT users.id AS users_id, users.name AS users_name, users.email AS users_email, users.image AS users_image, users."emailVerified" AS "users_emailVerified", users."hashedPassword" AS "users_hashedPassword", users."createdAt" AS "users_createdAt", users."updatedAt" AS "users_updatedAt" 
FROM users 
WHERE users.id = %(pk_1)s
2026-01-26 13:52:58,794 INFO sqlalchemy.engine.Engine [cached since 198.1s ago] {'pk_1': 'user_089ebe22d01948bb84413c4e8c8de973'}
2026-01-26 13:52:59,237 INFO sqlalchemy.engine.Engine SELECT task.id, task.title, task.description, task.completed, task.priority, task.due_date, task.category, task.user_id, task.created_at, task.updated_at 
FROM task 
WHERE task.id = %(id_1)s AND task.user_id = %(user_id_1)s
2026-01-26 13:52:59,238 INFO sqlalchemy.engine.Engine [cached since 21.17s ago] {'id_1': 'e1ad8a60-61f3-44f6-8224-dbb349ce5919', 'user_id_1': 'user_089ebe22d01948bb84413c4e8c8de973'}
2026-01-26 13:52:59,462 INFO sqlalchemy.engine.Engine COMMIT
2026-01-26 13:52:59,911 INFO sqlalchemy.engine.Engine BEGIN (implicit)
2026-01-26 13:52:59,914 INFO sqlalchemy.engine.Engine SELECT task.id, task.title, task.description, task.completed, task.priority, task.due_date, task.category, task.user_id, task.created_at, task.updated_at 
FROM task 
WHERE task.id = %(pk_1)s
2026-01-26 13:52:59,915 INFO sqlalchemy.engine.Engine [cached since 34.54s ago] {'pk_1': 'e1ad8a60-61f3-44f6-8224-dbb349ce5919'}
INFO:     127.0.0.1:47446 - "PUT /api/tasks/e1ad8a60-61f3-44f6-8224-dbb349ce5919 HTTP/1.1" 200 OK
2026-01-26 13:53:00,374 INFO sqlalchemy.engine.Engine ROLLBACK
2026-01-26 13:54:08,036 INFO sqlalchemy.engine.Engine BEGIN (implicit)
2026-01-26 13:54:08,039 INFO sqlalchemy.engine.Engine SELECT users.id AS users_id, users.name AS users_name, users.email AS users_email, users.image AS users_image, users."emailVerified" AS "users_emailVerified", users."hashedPassword" AS "users_hashedPassword", users."createdAt" AS "users_createdAt", users."updatedAt" AS "users_updatedAt" 
FROM users 
WHERE users.id = %(pk_1)s
2026-01-26 13:54:08,041 INFO sqlalchemy.engine.Engine [cached since 273.2s ago] {'pk_1': 'user_089ebe22d01948bb84413c4e8c8de973'}
2026-01-26 13:54:08,519 INFO sqlalchemy.engine.Engine INSERT INTO task (id, title, description, completed, priority, due_date, category, user_id) VALUES (%(id)s, %(title)s, %(description)s, %(completed)s, %(priority)s, %(due_date)s, %(category)s, %(user_id)s) RETURNING task.created_at, task.updated_at
2026-01-26 13:54:08,521 INFO sqlalchemy.engine.Engine [cached since 109.8s ago] {'id': '4b4b4b8b-c80c-4286-9668-81d26b622a60', 'title': 'hackathon', 'description': 'hackathon phase 2 complete', 'completed': False, 'priority': 'high', 'due_date': datetime.datetime(2025, 7, 9, 0, 0), 'category': 'work', 'user_id': 'user_089ebe22d01948bb84413c4e8c8de973'}
2026-01-26 13:54:08,761 INFO sqlalchemy.engine.Engine COMMIT
2026-01-26 13:54:09,242 INFO sqlalchemy.engine.Engine BEGIN (implicit)
2026-01-26 13:54:09,242 INFO sqlalchemy.engine.Engine SELECT task.id, task.title, task.description, task.completed, task.priority, task.due_date, task.category, task.user_id, task.created_at, task.updated_at 
FROM task 
WHERE task.id = %(pk_1)s
2026-01-26 13:54:09,243 INFO sqlalchemy.engine.Engine [cached since 109.8s ago] {'pk_1': '4b4b4b8b-c80c-4286-9668-81d26b622a60'}
INFO:     127.0.0.1:53582 - "POST /api/tasks/ HTTP/1.1" 201 Created
2026-01-26 13:54:09,729 INFO sqlalchemy.engine.Engine ROLLBACK
INFO:     127.0.0.1:36718 - "OPTIONS /api/tasks/fa2d22a6-96ad-4091-996c-b3b6f4d37072 HTTP/1.1" 200 OK
2026-01-26 13:57:53,497 INFO sqlalchemy.engine.Engine BEGIN (implicit)
2026-01-26 13:57:53,499 INFO sqlalchemy.engine.Engine SELECT users.id AS users_id, users.name AS users_name, users.email AS users_email, users.image AS users_image, users."emailVerified" AS "users_emailVerified", users."hashedPassword" AS "users_hashedPassword", users."createdAt" AS "users_createdAt", users."updatedAt" AS "users_updatedAt" 
FROM users 
WHERE users.id = %(pk_1)s
2026-01-26 13:57:53,500 INFO sqlalchemy.engine.Engine [cached since 512.2s ago] {'pk_1': 'user_089ebe22d01948bb84413c4e8c8de973'}
2026-01-26 13:57:53,984 INFO sqlalchemy.engine.Engine SELECT task.id, task.title, task.description, task.completed, task.priority, task.due_date, task.category, task.user_id, task.created_at, task.updated_at 
FROM task 
WHERE task.id = %(id_1)s AND task.user_id = %(user_id_1)s
2026-01-26 13:57:53,986 INFO sqlalchemy.engine.Engine [cached since 335.4s ago] {'id_1': 'fa2d22a6-96ad-4091-996c-b3b6f4d37072', 'user_id_1': 'user_089ebe22d01948bb84413c4e8c8de973'}
2026-01-26 13:57:54,247 INFO sqlalchemy.engine.Engine COMMIT
2026-01-26 13:57:54,737 INFO sqlalchemy.engine.Engine BEGIN (implicit)
2026-01-26 13:57:54,739 INFO sqlalchemy.engine.Engine SELECT task.id, task.title, task.description, task.completed, task.priority, task.due_date, task.category, task.user_id, task.created_at, task.updated_at 
FROM task 
WHERE task.id = %(pk_1)s
2026-01-26 13:57:54,741 INFO sqlalchemy.engine.Engine [cached since 348.8s ago] {'pk_1': 'fa2d22a6-96ad-4091-996c-b3b6f4d37072'}
INFO:     127.0.0.1:36718 - "PUT /api/tasks/fa2d22a6-96ad-4091-996c-b3b6f4d37072 HTTP/1.1" 200 OK
2026-01-26 13:57:55,276 INFO sqlalchemy.engine.Engine ROLLBACK
INFO:     127.0.0.1:36730 - "OPTIONS /api/tasks/4b4b4b8b-c80c-4286-9668-81d26b622a60 HTTP/1.1" 200 OK
2026-01-26 13:58:28,938 INFO sqlalchemy.engine.Engine BEGIN (implicit)
2026-01-26 13:58:28,940 INFO sqlalchemy.engine.Engine SELECT users.id AS users_id, users.name AS users_name, users.email AS users_email, users.image AS users_image, users."emailVerified" AS "users_emailVerified", users."hashedPassword" AS "users_hashedPassword", users."createdAt" AS "users_createdAt", users."updatedAt" AS "users_updatedAt" 
FROM users 
WHERE users.id = %(pk_1)s
2026-01-26 13:58:28,940 INFO sqlalchemy.engine.Engine [cached since 549.7s ago] {'pk_1': 'user_089ebe22d01948bb84413c4e8c8de973'}
2026-01-26 13:58:29,413 INFO sqlalchemy.engine.Engine SELECT task.id, task.title, task.description, task.completed, task.priority, task.due_date, task.category, task.user_id, task.created_at, task.updated_at 
FROM task 
WHERE task.id = %(id_1)s AND task.user_id = %(user_id_1)s
2026-01-26 13:58:29,415 INFO sqlalchemy.engine.Engine [cached since 372.9s ago] {'id_1': '4b4b4b8b-c80c-4286-9668-81d26b622a60', 'user_id_1': 'user_089ebe22d01948bb84413c4e8c8de973'}
2026-01-26 13:58:29,653 INFO sqlalchemy.engine.Engine COMMIT
2026-01-26 13:58:30,145 INFO sqlalchemy.engine.Engine BEGIN (implicit)
2026-01-26 13:58:30,147 INFO sqlalchemy.engine.Engine SELECT task.id, task.title, task.description, task.completed, task.priority, task.due_date, task.category, task.user_id, task.created_at, task.updated_at 
FROM task 
WHERE task.id = %(pk_1)s
2026-01-26 13:58:30,149 INFO sqlalchemy.engine.Engine [cached since 386.3s ago] {'pk_1': '4b4b4b8b-c80c-4286-9668-81d26b622a60'}
INFO:     127.0.0.1:36730 - "PUT /api/tasks/4b4b4b8b-c80c-4286-9668-81d26b622a60 HTTP/1.1" 200 OK
2026-01-26 13:58:30,657 INFO sqlalchemy.engine.Engine ROLLBACK
2026-01-26 13:58:30,900 INFO sqlalchemy.engine.Engine BEGIN (implicit)
2026-01-26 13:58:30,901 INFO sqlalchemy.engine.Engine SELECT users.id AS users_id, users.name AS users_name, users.email AS users_email, users.image AS users_image, users."emailVerified" AS "users_emailVerified", users."hashedPassword" AS "users_hashedPassword", users."createdAt" AS "users_createdAt", users."updatedAt" AS "users_updatedAt" 
FROM users 
WHERE users.id = %(pk_1)s
2026-01-26 13:58:30,902 INFO sqlalchemy.engine.Engine [cached since 551.7s ago] {'pk_1': 'user_089ebe22d01948bb84413c4e8c8de973'}
2026-01-26 13:58:31,385 INFO sqlalchemy.engine.Engine SELECT task.id, task.title, task.description, task.completed, task.priority, task.due_date, task.category, task.user_id, task.created_at, task.updated_at 
FROM task 
WHERE task.id = %(id_1)s AND task.user_id = %(user_id_1)s
2026-01-26 13:58:31,387 INFO sqlalchemy.engine.Engine [cached since 374.8s ago] {'id_1': '4b4b4b8b-c80c-4286-9668-81d26b622a60', 'user_id_1': 'user_089ebe22d01948bb84413c4e8c8de973'}
2026-01-26 13:58:31,631 INFO sqlalchemy.engine.Engine COMMIT
2026-01-26 13:58:32,129 INFO sqlalchemy.engine.Engine BEGIN (implicit)
2026-01-26 13:58:32,133 INFO sqlalchemy.engine.Engine SELECT task.id, task.title, task.description, task.completed, task.priority, task.due_date, task.category, task.user_id, task.created_at, task.updated_at 
FROM task 
WHERE task.id = %(pk_1)s
2026-01-26 13:58:32,134 INFO sqlalchemy.engine.Engine [cached since 388.3s ago] {'pk_1': '4b4b4b8b-c80c-4286-9668-81d26b622a60'}
INFO:     127.0.0.1:36730 - "PUT /api/tasks/4b4b4b8b-c80c-4286-9668-81d26b622a60 HTTP/1.1" 200 OK
2026-01-26 13:58:32,595 INFO sqlalchemy.engine.Engine ROLLBACK
2026-01-26 14:01:54,730 INFO sqlalchemy.engine.Engine BEGIN (implicit)
2026-01-26 14:01:54,733 INFO sqlalchemy.engine.Engine SELECT users.id AS users_id, users.name AS users_name, users.email AS users_email, users.image AS users_image, users."emailVerified" AS "users_emailVerified", users."hashedPassword" AS "users_hashedPassword", users."createdAt" AS "users_createdAt", users."updatedAt" AS "users_updatedAt" 
FROM users 
WHERE users.id = %(pk_1)s
2026-01-26 14:01:54,735 INFO sqlalchemy.engine.Engine [cached since 768.8s ago] {'pk_1': 'user_089ebe22d01948bb84413c4e8c8de973'}
2026-01-26 14:01:55,208 INFO sqlalchemy.engine.Engine SELECT task.id, task.title, task.description, task.completed, task.priority, task.due_date, task.category, task.user_id, task.created_at, task.updated_at 
FROM task 
WHERE task.id = %(id_1)s AND task.user_id = %(user_id_1)s
2026-01-26 14:01:55,210 INFO sqlalchemy.engine.Engine [cached since 592s ago] {'id_1': 'fa2d22a6-96ad-4091-996c-b3b6f4d37072', 'user_id_1': 'user_089ebe22d01948bb84413c4e8c8de973'}
2026-01-26 14:01:55,453 INFO sqlalchemy.engine.Engine UPDATE task SET title=%(title)s, updated_at=now() WHERE task.id = %(task_id)s
2026-01-26 14:01:55,455 INFO sqlalchemy.engine.Engine [generated in 0.00171s] {'title': 'hackathon 2', 'task_id': 'fa2d22a6-96ad-4091-996c-b3b6f4d37072'}
2026-01-26 14:01:55,695 INFO sqlalchemy.engine.Engine COMMIT
2026-01-26 14:01:56,184 INFO sqlalchemy.engine.Engine BEGIN (implicit)
2026-01-26 14:01:56,187 INFO sqlalchemy.engine.Engine SELECT task.id, task.title, task.description, task.completed, task.priority, task.due_date, task.category, task.user_id, task.created_at, task.updated_at 
FROM task 
WHERE task.id = %(pk_1)s
2026-01-26 14:01:56,188 INFO sqlalchemy.engine.Engine [cached since 605.7s ago] {'pk_1': 'fa2d22a6-96ad-4091-996c-b3b6f4d37072'}
INFO:     127.0.0.1:41142 - "PUT /api/tasks/fa2d22a6-96ad-4091-996c-b3b6f4d37072 HTTP/1.1" 200 OK
2026-01-26 14:01:56,683 INFO sqlalchemy.engine.Engine ROLLBACK
INFO:     Shutting down
