Starting server with fixed AI agent...
INFO:     Started server process [6800]
INFO:     Waiting for application startup.
2026-02-03 20:02:00,671 INFO sqlalchemy.engine.Engine select pg_catalog.version()
2026-02-03 20:02:00,672 INFO sqlalchemy.engine.Engine [raw sql] {}
2026-02-03 20:02:01,326 INFO sqlalchemy.engine.Engine select current_schema()
2026-02-03 20:02:01,327 INFO sqlalchemy.engine.Engine [raw sql] {}
2026-02-03 20:02:01,946 INFO sqlalchemy.engine.Engine show standard_conforming_strings
2026-02-03 20:02:01,947 INFO sqlalchemy.engine.Engine [raw sql] {}
2026-02-03 20:02:02,546 INFO sqlalchemy.engine.Engine BEGIN (implicit)
2026-02-03 20:02:02,551 INFO sqlalchemy.engine.Engine SELECT pg_catalog.pg_class.relname 
FROM pg_catalog.pg_class JOIN pg_catalog.pg_namespace ON pg_catalog.pg_namespace.oid = pg_catalog.pg_class.relnamespace 
WHERE pg_catalog.pg_class.relname = %(table_name)s AND pg_catalog.pg_class.relkind = ANY (ARRAY[%(param_1)s, %(param_2)s, %(param_3)s, %(param_4)s, %(param_5)s]) AND pg_catalog.pg_table_is_visible(pg_catalog.pg_class.oid) AND pg_catalog.pg_namespace.nspname != %(nspname_1)s
2026-02-03 20:02:02,551 INFO sqlalchemy.engine.Engine [generated in 0.00064s] {'table_name': 'users', 'param_1': 'r', 'param_2': 'p', 'param_3': 'f', 'param_4': 'v', 'param_5': 'm', 'nspname_1': 'pg_catalog'}
2026-02-03 20:02:03,212 INFO sqlalchemy.engine.Engine SELECT pg_catalog.pg_class.relname 
FROM pg_catalog.pg_class JOIN pg_catalog.pg_namespace ON pg_catalog.pg_namespace.oid = pg_catalog.pg_class.relnamespace 
WHERE pg_catalog.pg_class.relname = %(table_name)s AND pg_catalog.pg_class.relkind = ANY (ARRAY[%(param_1)s, %(param_2)s, %(param_3)s, %(param_4)s, %(param_5)s]) AND pg_catalog.pg_table_is_visible(pg_catalog.pg_class.oid) AND pg_catalog.pg_namespace.nspname != %(nspname_1)s
2026-02-03 20:02:03,213 INFO sqlalchemy.engine.Engine [cached since 0.6627s ago] {'table_name': 'task', 'param_1': 'r', 'param_2': 'p', 'param_3': 'f', 'param_4': 'v', 'param_5': 'm', 'nspname_1': 'pg_catalog'}
2026-02-03 20:02:03,544 INFO sqlalchemy.engine.Engine SELECT pg_catalog.pg_class.relname 
FROM pg_catalog.pg_class JOIN pg_catalog.pg_namespace ON pg_catalog.pg_namespace.oid = pg_catalog.pg_class.relnamespace 
WHERE pg_catalog.pg_class.relname = %(table_name)s AND pg_catalog.pg_class.relkind = ANY (ARRAY[%(param_1)s, %(param_2)s, %(param_3)s, %(param_4)s, %(param_5)s]) AND pg_catalog.pg_table_is_visible(pg_catalog.pg_class.oid) AND pg_catalog.pg_namespace.nspname != %(nspname_1)s
2026-02-03 20:02:03,545 INFO sqlalchemy.engine.Engine [cached since 0.9944s ago] {'table_name': 'conversation', 'param_1': 'r', 'param_2': 'p', 'param_3': 'f', 'param_4': 'v', 'param_5': 'm', 'nspname_1': 'pg_catalog'}
2026-02-03 20:02:03,776 INFO sqlalchemy.engine.Engine SELECT pg_catalog.pg_class.relname 
FROM pg_catalog.pg_class JOIN pg_catalog.pg_namespace ON pg_catalog.pg_namespace.oid = pg_catalog.pg_class.relnamespace 
WHERE pg_catalog.pg_class.relname = %(table_name)s AND pg_catalog.pg_class.relkind = ANY (ARRAY[%(param_1)s, %(param_2)s, %(param_3)s, %(param_4)s, %(param_5)s]) AND pg_catalog.pg_table_is_visible(pg_catalog.pg_class.oid) AND pg_catalog.pg_namespace.nspname != %(nspname_1)s
2026-02-03 20:02:03,776 INFO sqlalchemy.engine.Engine [cached since 1.226s ago] {'table_name': 'message', 'param_1': 'r', 'param_2': 'p', 'param_3': 'f', 'param_4': 'v', 'param_5': 'm', 'nspname_1': 'pg_catalog'}
2026-02-03 20:02:04,099 INFO sqlalchemy.engine.Engine COMMIT
INFO:     Application startup complete.
INFO:     Uvicorn running on http://0.0.0.0:8000 (Press CTRL+C to quit)
INFO:     127.0.0.1:57764 - "GET / HTTP/1.1" 200 OK
INFO:     127.0.0.1:56942 - "POST /api/test_user_id/chat HTTP/1.1" 401 Unauthorized
INFO:     127.0.0.1:51602 - "OPTIONS /api/user_38611ddc8c68496ca7195bf73018b7a2/chat HTTP/1.1" 200 OK
2026-02-03 20:10:08,722 INFO sqlalchemy.engine.Engine BEGIN (implicit)
2026-02-03 20:10:08,787 INFO sqlalchemy.engine.Engine SELECT users.id AS users_id, users.name AS users_name, users.email AS users_email, users.image AS users_image, users."emailVerified" AS "users_emailVerified", users."hashedPassword" AS "users_hashedPassword", users."createdAt" AS "users_createdAt", users."updatedAt" AS "users_updatedAt" 
FROM users 
WHERE users.id = %(pk_1)s
2026-02-03 20:10:08,787 INFO sqlalchemy.engine.Engine [generated in 0.00095s] {'pk_1': 'user_38611ddc8c68496ca7195bf73018b7a2'}
2026-02-03 20:10:10,065 INFO sqlalchemy.engine.Engine ROLLBACK
INFO:sqlalchemy.engine.Engine:ROLLBACK
INFO:     127.0.0.1:51602 - "POST /api/user_38611ddc8c68496ca7195bf73018b7a2/chat HTTP/1.1" 500 Internal Server Error
2026-02-03 20:10:26,889 INFO sqlalchemy.engine.Engine BEGIN (implicit)
INFO:sqlalchemy.engine.Engine:BEGIN (implicit)
2026-02-03 20:10:26,891 INFO sqlalchemy.engine.Engine SELECT users.id AS users_id, users.name AS users_name, users.email AS users_email, users.image AS users_image, users."emailVerified" AS "users_emailVerified", users."hashedPassword" AS "users_hashedPassword", users."createdAt" AS "users_createdAt", users."updatedAt" AS "users_updatedAt" 
FROM users 
WHERE users.id = %(pk_1)s
INFO:sqlalchemy.engine.Engine:SELECT users.id AS users_id, users.name AS users_name, users.email AS users_email, users.image AS users_image, users."emailVerified" AS "users_emailVerified", users."hashedPassword" AS "users_hashedPassword", users."createdAt" AS "users_createdAt", users."updatedAt" AS "users_updatedAt" 
FROM users 
WHERE users.id = %(pk_1)s
2026-02-03 20:10:26,892 INFO sqlalchemy.engine.Engine [cached since 18.72s ago] {'pk_1': 'user_38611ddc8c68496ca7195bf73018b7a2'}
INFO:sqlalchemy.engine.Engine:[cached since 18.72s ago] {'pk_1': 'user_38611ddc8c68496ca7195bf73018b7a2'}
2026-02-03 20:10:27,620 INFO sqlalchemy.engine.Engine ROLLBACK
INFO:sqlalchemy.engine.Engine:ROLLBACK
INFO:     127.0.0.1:51604 - "POST /api/user_38611ddc8c68496ca7195bf73018b7a2/chat HTTP/1.1" 500 Internal Server Error
INFO:     Shutting down
INFO:     Waiting for application shutdown.
INFO:     Application shutdown complete.
INFO:     Finished server process [6800]
